#
# There is insufficient memory for the Java Runtime Environment to continue.
# Native memory allocation (malloc) failed to allocate 1544656 bytes for Chunk::new
# Possible reasons:
#   The system is out of physical RAM or swap space
#   The process is running with CompressedOops enabled, and the Java Heap may be blocking the growth of the native heap
# Possible solutions:
#   Reduce memory load on the system
#   Increase physical memory or swap space
#   Check if swap backing store is full
#   Decrease Java heap size (-Xmx/-Xms)
#   Decrease number of Java threads
#   Decrease Java thread stack sizes (-Xss)
#   Set larger code cache with -XX:ReservedCodeCacheSize=
#   JVM is running with Unscaled Compressed Oops mode in which the Java heap is
#     placed in the first 4GB address space. The Java Heap base address is the
#     maximum limit for the native heap growth. Please use -XX:HeapBaseMinAddress
#     to set the Java Heap base and to place the Java Heap above 4GB virtual address.
# This output file may be truncated or incomplete.
#
#  Out of Memory Error (./src/hotspot/share/memory/arena.cpp:197), pid=8512, tid=5744
#
# JRE version: OpenJDK Runtime Environment Corretto-11.0.15.9.1 (11.0.15+9) (build 11.0.15+9-LTS)
# Java VM: OpenJDK 64-Bit Server VM Corretto-11.0.15.9.1 (11.0.15+9-LTS, mixed mode, tiered, compressed oops, g1 gc, windows-amd64)
# No core dump will be written. Minidumps are not enabled by default on client versions of Windows
#

---------------  S U M M A R Y ------------

Command Line: --add-opens=java.base/java.util=ALL-UNNAMED --add-opens=java.base/java.lang=ALL-UNNAMED --add-opens=java.base/java.lang.invoke=ALL-UNNAMED --add-opens=java.base/java.util=ALL-UNNAMED --add-opens=java.prefs/java.util.prefs=ALL-UNNAMED --add-opens=java.prefs/java.util.prefs=ALL-UNNAMED --add-opens=java.base/java.nio.charset=ALL-UNNAMED --add-opens=java.base/java.net=ALL-UNNAMED --add-opens=java.base/java.util.concurrent.atomic=ALL-UNNAMED -XX:MaxMetaspaceSize=256m -XX:+HeapDumpOnOutOfMemoryError -Xms256m -Xmx512m -Dfile.encoding=windows-1254 -Duser.country=TR -Duser.language=tr -Duser.variant org.gradle.launcher.daemon.bootstrap.GradleDaemon 7.4.1

Host: Intel(R) Core(TM) i7-9750H CPU @ 2.60GHz, 12 cores, 15G,  Windows 10 , 64 bit Build 19041 (10.0.19041.1806)
Time: Thu Jul 21 19:06:51 2022 Türkiye Standart Saati elapsed time: 3.975270 seconds (0d 0h 0m 3s)

---------------  T H R E A D  ---------------

Current thread (0x00000221c5a06000):  JavaThread "C2 CompilerThread0" daemon [_thread_in_native, id=5744, stack(0x00000065d2800000,0x00000065d2900000)]


Current CompileTask:
C2:   3977 1989   !   4       java.lang.ClassLoader::loadClass (122 bytes)

Stack: [0x00000065d2800000,0x00000065d2900000]
Native frames: (J=compiled Java code, j=interpreted, Vv=VM code, C=native code)
V  [jvm.dll+0x61e7ba]
V  [jvm.dll+0x7ab749]
V  [jvm.dll+0x7ace38]
V  [jvm.dll+0x7ad513]
V  [jvm.dll+0x24f968]
V  [jvm.dll+0xc262c]
V  [jvm.dll+0xc2bec]
V  [jvm.dll+0x359ba7]
V  [jvm.dll+0x19e981]
V  [jvm.dll+0x208eb2]
V  [jvm.dll+0x207f8d]
V  [jvm.dll+0x18a371]
V  [jvm.dll+0x2176e4]
V  [jvm.dll+0x21592b]
V  [jvm.dll+0x76e250]
V  [jvm.dll+0x7671b4]
V  [jvm.dll+0x61d616]
C  [ucrtbase.dll+0x21bb2]
C  [KERNEL32.DLL+0x17034]
C  [ntdll.dll+0x52651]


---------------  P R O C E S S  ---------------

Threads class SMR info:
_java_thread_list=0x00000221c77f76b0, length=24, elements={
0x00000221a9459800, 0x00000221c509f800, 0x00000221c50a8800, 0x00000221c59f2800,
0x00000221c59f3800, 0x00000221c59f5800, 0x00000221c5a06000, 0x00000221c5a09000,
0x00000221c5a0a800, 0x00000221c5b66800, 0x00000221c7993800, 0x00000221c751a800,
0x00000221c683d000, 0x00000221c70b6800, 0x00000221c77d4800, 0x00000221c753b000,
0x00000221c6f56800, 0x00000221c7f40000, 0x00000221c72ac800, 0x00000221c7db9000,
0x00000221c7d02800, 0x00000221c7d05000, 0x00000221c7cff800, 0x00000221c7df8000
}

Java Threads: ( => current thread )
  0x00000221a9459800 JavaThread "main" [_thread_blocked, id=3296, stack(0x00000065d1c00000,0x00000065d1d00000)]
  0x00000221c509f800 JavaThread "Reference Handler" daemon [_thread_blocked, id=13088, stack(0x00000065d2300000,0x00000065d2400000)]
  0x00000221c50a8800 JavaThread "Finalizer" daemon [_thread_blocked, id=4320, stack(0x00000065d2400000,0x00000065d2500000)]
  0x00000221c59f2800 JavaThread "Signal Dispatcher" daemon [_thread_blocked, id=13552, stack(0x00000065d2500000,0x00000065d2600000)]
  0x00000221c59f3800 JavaThread "Attach Listener" daemon [_thread_blocked, id=9964, stack(0x00000065d2600000,0x00000065d2700000)]
  0x00000221c59f5800 JavaThread "Service Thread" daemon [_thread_blocked, id=9864, stack(0x00000065d2700000,0x00000065d2800000)]
=>0x00000221c5a06000 JavaThread "C2 CompilerThread0" daemon [_thread_in_native, id=5744, stack(0x00000065d2800000,0x00000065d2900000)]
  0x00000221c5a09000 JavaThread "C1 CompilerThread0" daemon [_thread_blocked, id=1980, stack(0x00000065d2900000,0x00000065d2a00000)]
  0x00000221c5a0a800 JavaThread "Sweeper thread" daemon [_thread_blocked, id=20404, stack(0x00000065d2a00000,0x00000065d2b00000)]
  0x00000221c5b66800 JavaThread "Common-Cleaner" daemon [_thread_blocked, id=14704, stack(0x00000065d2b00000,0x00000065d2c00000)]
  0x00000221c7993800 JavaThread "Daemon health stats" [_thread_blocked, id=18632, stack(0x00000065d3400000,0x00000065d3500000)]
  0x00000221c751a800 JavaThread "Incoming local TCP Connector on port 51992" [_thread_in_native, id=19276, stack(0x00000065d2d00000,0x00000065d2e00000)]
  0x00000221c683d000 JavaThread "Daemon periodic checks" [_thread_blocked, id=10328, stack(0x00000065d2e00000,0x00000065d2f00000)]
  0x00000221c70b6800 JavaThread "Daemon" [_thread_blocked, id=21412, stack(0x00000065d3500000,0x00000065d3600000)]
  0x00000221c77d4800 JavaThread "Handler for socket connection from /127.0.0.1:51992 to /127.0.0.1:51993" [_thread_in_native, id=8684, stack(0x00000065d3600000,0x00000065d3700000)]
  0x00000221c753b000 JavaThread "Cancel handler" [_thread_blocked, id=14820, stack(0x00000065d3700000,0x00000065d3800000)]
  0x00000221c6f56800 JavaThread "Daemon worker" [_thread_in_vm, id=18060, stack(0x00000065d3800000,0x00000065d3900000)]
  0x00000221c7f40000 JavaThread "Asynchronous log dispatcher for DefaultDaemonConnection: socket connection from /127.0.0.1:51992 to /127.0.0.1:51993" [_thread_blocked, id=13852, stack(0x00000065d3900000,0x00000065d3a00000)]
  0x00000221c72ac800 JavaThread "Stdin handler" [_thread_blocked, id=14768, stack(0x00000065d3a00000,0x00000065d3b00000)]
  0x00000221c7db9000 JavaThread "Daemon client event forwarder" [_thread_blocked, id=21132, stack(0x00000065d3b00000,0x00000065d3c00000)]
  0x00000221c7d02800 JavaThread "Cache worker for journal cache (C:\Users\Legion-Y540\.gradle\caches\journal-1)" [_thread_blocked, id=18496, stack(0x00000065d3c00000,0x00000065d3d00000)]
  0x00000221c7d05000 JavaThread "File lock request listener" [_thread_in_native, id=20868, stack(0x00000065d3d00000,0x00000065d3e00000)]
  0x00000221c7cff800 JavaThread "Cache worker for file hash cache (C:\Users\Legion-Y540\.gradle\caches\7.4.1\fileHashes)" [_thread_blocked, id=17700, stack(0x00000065d3e00000,0x00000065d3f00000)]
  0x00000221c7df8000 JavaThread "C2 CompilerThread1" daemon [_thread_blocked, id=10588, stack(0x00000065d4500000,0x00000065d4600000)]

Other Threads:
  0x00000221c5076800 VMThread "VM Thread" [stack: 0x00000065d2200000,0x00000065d2300000] [id=7584]
  0x00000221c5b77800 WatcherThread [stack: 0x00000065d2c00000,0x00000065d2d00000] [id=14184]
  0x00000221a9475000 GCTaskThread "GC Thread#0" [stack: 0x00000065d1d00000,0x00000065d1e00000] [id=19632]
  0x00000221c6e0a000 GCTaskThread "GC Thread#1" [stack: 0x00000065d2f00000,0x00000065d3000000] [id=808]
  0x00000221c6e0a800 GCTaskThread "GC Thread#2" [stack: 0x00000065d3000000,0x00000065d3100000] [id=21164]
  0x00000221c6e0b800 GCTaskThread "GC Thread#3" [stack: 0x00000065d3100000,0x00000065d3200000] [id=8600]
  0x00000221c6e1d800 GCTaskThread "GC Thread#4" [stack: 0x00000065d3200000,0x00000065d3300000] [id=20008]
  0x00000221c6e1f800 GCTaskThread "GC Thread#5" [stack: 0x00000065d3300000,0x00000065d3400000] [id=17140]
  0x00000221c7c51800 GCTaskThread "GC Thread#6" [stack: 0x00000065d3f00000,0x00000065d4000000] [id=10500]
  0x00000221c7976800 GCTaskThread "GC Thread#7" [stack: 0x00000065d4000000,0x00000065d4100000] [id=7592]
  0x00000221c7d11000 GCTaskThread "GC Thread#8" [stack: 0x00000065d4100000,0x00000065d4200000] [id=14292]
  0x00000221c7d0c000 GCTaskThread "GC Thread#9" [stack: 0x00000065d4200000,0x00000065d4300000] [id=11084]
  0x00000221a9487800 ConcurrentGCThread "G1 Main Marker" [stack: 0x00000065d1e00000,0x00000065d1f00000] [id=16928]
  0x00000221a9489000 ConcurrentGCThread "G1 Conc#0" [stack: 0x00000065d1f00000,0x00000065d2000000] [id=12620]
  0x00000221c61c0800 ConcurrentGCThread "G1 Conc#1" [stack: 0x00000065d4300000,0x00000065d4400000] [id=12164]
  0x00000221c6f24000 ConcurrentGCThread "G1 Conc#2" [stack: 0x00000065d4400000,0x00000065d4500000] [id=19172]
  0x00000221a952e800 ConcurrentGCThread "G1 Refine#0" [stack: 0x00000065d2000000,0x00000065d2100000] [id=21292]
  0x00000221c4f17000 ConcurrentGCThread "G1 Young RemSet Sampling" [stack: 0x00000065d2100000,0x00000065d2200000] [id=16188]

Threads with active compile tasks:
C2 CompilerThread0     4077 1989   !   4       java.lang.ClassLoader::loadClass (122 bytes)

VM state:not at safepoint (normal execution)

VM Mutex/Monitor currently owned by a thread: None

Heap address: 0x00000000e0000000, size: 512 MB, Compressed Oops mode: 32-bit
Narrow klass base: 0x0000000000000000, Narrow klass shift: 3
Compressed class space size: 260046848 Address: 0x0000000100000000

Heap:
 garbage-first heap   total 262144K, used 34271K [0x00000000e0000000, 0x0000000100000000)
  region size 1024K, 19 young (19456K), 2 survivors (2048K)
 Metaspace       used 24560K, capacity 25135K, committed 25264K, reserved 276480K
  class space    used 3126K, capacity 3322K, committed 3328K, reserved 253952K
Heap Regions: E=young(eden), S=young(survivor), O=old, HS=humongous(starts), HC=humongous(continues), CS=collection set, F=free, A=archive, TAMS=top-at-mark-start (previous, next)
|   0|0x00000000e0000000, 0x00000000e0100000, 0x00000000e0100000|100%| O|  |TAMS 0x00000000e0000000, 0x00000000e0000000| Untracked 
|   1|0x00000000e0100000, 0x00000000e0200000, 0x00000000e0200000|100%| O|  |TAMS 0x00000000e0100000, 0x00000000e0100000| Untracked 
|   2|0x00000000e0200000, 0x00000000e0300000, 0x00000000e0300000|100%| O|  |TAMS 0x00000000e0200000, 0x00000000e0200000| Untracked 
|   3|0x00000000e0300000, 0x00000000e0400000, 0x00000000e0400000|100%|HS|  |TAMS 0x00000000e0400000, 0x00000000e0300000| Complete 
|   4|0x00000000e0400000, 0x00000000e0500000, 0x00000000e0500000|100%|HC|  |TAMS 0x00000000e0500000, 0x00000000e0400000| Complete 
|   5|0x00000000e0500000, 0x00000000e0600000, 0x00000000e0600000|100%|HC|  |TAMS 0x00000000e0600000, 0x00000000e0500000| Complete 
|   6|0x00000000e0600000, 0x00000000e0700000, 0x00000000e0700000|100%| O|  |TAMS 0x00000000e0700000, 0x00000000e0600000| Untracked 
|   7|0x00000000e0700000, 0x00000000e0800000, 0x00000000e0800000|100%| O|  |TAMS 0x00000000e0800000, 0x00000000e0700000| Untracked 
|   8|0x00000000e0800000, 0x00000000e0900000, 0x00000000e0900000|100%| O|  |TAMS 0x00000000e0900000, 0x00000000e0800000| Untracked 
|   9|0x00000000e0900000, 0x00000000e0a00000, 0x00000000e0a00000|100%| O|  |TAMS 0x00000000e0937000, 0x00000000e0900000| Untracked 
|  10|0x00000000e0a00000, 0x00000000e0b00000, 0x00000000e0b00000|100%| O|  |TAMS 0x00000000e0a00000, 0x00000000e0a00000| Untracked 
|  11|0x00000000e0b00000, 0x00000000e0c00000, 0x00000000e0c00000|100%| O|  |TAMS 0x00000000e0b00000, 0x00000000e0b00000| Untracked 
|  12|0x00000000e0c00000, 0x00000000e0d00000, 0x00000000e0d00000|100%| O|  |TAMS 0x00000000e0c00000, 0x00000000e0c00000| Untracked 
|  13|0x00000000e0d00000, 0x00000000e0e00000, 0x00000000e0e00000|100%| O|  |TAMS 0x00000000e0d00000, 0x00000000e0d00000| Untracked 
|  14|0x00000000e0e00000, 0x00000000e0f00000, 0x00000000e0f00000|100%| O|  |TAMS 0x00000000e0e00000, 0x00000000e0e00000| Untracked 
|  15|0x00000000e0f00000, 0x00000000e1000000, 0x00000000e1000000|100%| O|  |TAMS 0x00000000e0f00000, 0x00000000e0f00000| Untracked 
|  16|0x00000000e1000000, 0x00000000e1061600, 0x00000000e1100000| 38%| O|  |TAMS 0x00000000e1000000, 0x00000000e1000000| Untracked 
|  17|0x00000000e1100000, 0x00000000e1100000, 0x00000000e1200000|  0%| F|  |TAMS 0x00000000e1100000, 0x00000000e1100000| Untracked 
|  18|0x00000000e1200000, 0x00000000e1200000, 0x00000000e1300000|  0%| F|  |TAMS 0x00000000e1200000, 0x00000000e1200000| Untracked 
|  19|0x00000000e1300000, 0x00000000e1300000, 0x00000000e1400000|  0%| F|  |TAMS 0x00000000e1300000, 0x00000000e1300000| Untracked 
|  20|0x00000000e1400000, 0x00000000e1400000, 0x00000000e1500000|  0%| F|  |TAMS 0x00000000e1400000, 0x00000000e1400000| Untracked 
|  21|0x00000000e1500000, 0x00000000e1500000, 0x00000000e1600000|  0%| F|  |TAMS 0x00000000e1500000, 0x00000000e1500000| Untracked 
|  22|0x00000000e1600000, 0x00000000e1600000, 0x00000000e1700000|  0%| F|  |TAMS 0x00000000e1600000, 0x00000000e1600000| Untracked 
|  23|0x00000000e1700000, 0x00000000e1700000, 0x00000000e1800000|  0%| F|  |TAMS 0x00000000e1700000, 0x00000000e1700000| Untracked 
|  24|0x00000000e1800000, 0x00000000e1800000, 0x00000000e1900000|  0%| F|  |TAMS 0x00000000e1800000, 0x00000000e1800000| Untracked 
|  25|0x00000000e1900000, 0x00000000e1900000, 0x00000000e1a00000|  0%| F|  |TAMS 0x00000000e1900000, 0x00000000e1900000| Untracked 
|  26|0x00000000e1a00000, 0x00000000e1a00000, 0x00000000e1b00000|  0%| F|  |TAMS 0x00000000e1a00000, 0x00000000e1a00000| Untracked 
|  27|0x00000000e1b00000, 0x00000000e1b00000, 0x00000000e1c00000|  0%| F|  |TAMS 0x00000000e1b00000, 0x00000000e1b00000| Untracked 
|  28|0x00000000e1c00000, 0x00000000e1c00000, 0x00000000e1d00000|  0%| F|  |TAMS 0x00000000e1c00000, 0x00000000e1c00000| Untracked 
|  29|0x00000000e1d00000, 0x00000000e1d00000, 0x00000000e1e00000|  0%| F|  |TAMS 0x00000000e1d00000, 0x00000000e1d00000| Untracked 
|  30|0x00000000e1e00000, 0x00000000e1e00000, 0x00000000e1f00000|  0%| F|  |TAMS 0x00000000e1e00000, 0x00000000e1e00000| Untracked 
|  31|0x00000000e1f00000, 0x00000000e1f00000, 0x00000000e2000000|  0%| F|  |TAMS 0x00000000e1f00000, 0x00000000e1f00000| Untracked 
|  32|0x00000000e2000000, 0x00000000e2000000, 0x00000000e2100000|  0%| F|  |TAMS 0x00000000e2000000, 0x00000000e2000000| Untracked 
|  33|0x00000000e2100000, 0x00000000e2100000, 0x00000000e2200000|  0%| F|  |TAMS 0x00000000e2100000, 0x00000000e2100000| Untracked 
|  34|0x00000000e2200000, 0x00000000e2200000, 0x00000000e2300000|  0%| F|  |TAMS 0x00000000e2200000, 0x00000000e2200000| Untracked 
|  35|0x00000000e2300000, 0x00000000e2300000, 0x00000000e2400000|  0%| F|  |TAMS 0x00000000e2300000, 0x00000000e2300000| Untracked 
|  36|0x00000000e2400000, 0x00000000e2400000, 0x00000000e2500000|  0%| F|  |TAMS 0x00000000e2400000, 0x00000000e2400000| Untracked 
|  37|0x00000000e2500000, 0x00000000e2500000, 0x00000000e2600000|  0%| F|  |TAMS 0x00000000e2500000, 0x00000000e2500000| Untracked 
|  38|0x00000000e2600000, 0x00000000e2600000, 0x00000000e2700000|  0%| F|  |TAMS 0x00000000e2600000, 0x00000000e2600000| Untracked 
|  39|0x00000000e2700000, 0x00000000e2700000, 0x00000000e2800000|  0%| F|  |TAMS 0x00000000e2700000, 0x00000000e2700000| Untracked 
|  40|0x00000000e2800000, 0x00000000e2800000, 0x00000000e2900000|  0%| F|  |TAMS 0x00000000e2800000, 0x00000000e2800000| Untracked 
|  41|0x00000000e2900000, 0x00000000e2900000, 0x00000000e2a00000|  0%| F|  |TAMS 0x00000000e2900000, 0x00000000e2900000| Untracked 
|  42|0x00000000e2a00000, 0x00000000e2a00000, 0x00000000e2b00000|  0%| F|  |TAMS 0x00000000e2a00000, 0x00000000e2a00000| Untracked 
|  43|0x00000000e2b00000, 0x00000000e2b00000, 0x00000000e2c00000|  0%| F|  |TAMS 0x00000000e2b00000, 0x00000000e2b00000| Untracked 
|  44|0x00000000e2c00000, 0x00000000e2c00000, 0x00000000e2d00000|  0%| F|  |TAMS 0x00000000e2c00000, 0x00000000e2c00000| Untracked 
|  45|0x00000000e2d00000, 0x00000000e2d00000, 0x00000000e2e00000|  0%| F|  |TAMS 0x00000000e2d00000, 0x00000000e2d00000| Untracked 
|  46|0x00000000e2e00000, 0x00000000e2e00000, 0x00000000e2f00000|  0%| F|  |TAMS 0x00000000e2e00000, 0x00000000e2e00000| Untracked 
|  47|0x00000000e2f00000, 0x00000000e2f00000, 0x00000000e3000000|  0%| F|  |TAMS 0x00000000e2f00000, 0x00000000e2f00000| Untracked 
|  48|0x00000000e3000000, 0x00000000e3000000, 0x00000000e3100000|  0%| F|  |TAMS 0x00000000e3000000, 0x00000000e3000000| Untracked 
|  49|0x00000000e3100000, 0x00000000e3100000, 0x00000000e3200000|  0%| F|  |TAMS 0x00000000e3100000, 0x00000000e3100000| Untracked 
|  50|0x00000000e3200000, 0x00000000e3200000, 0x00000000e3300000|  0%| F|  |TAMS 0x00000000e3200000, 0x00000000e3200000| Untracked 
|  51|0x00000000e3300000, 0x00000000e3300000, 0x00000000e3400000|  0%| F|  |TAMS 0x00000000e3300000, 0x00000000e3300000| Untracked 
|  52|0x00000000e3400000, 0x00000000e3400000, 0x00000000e3500000|  0%| F|  |TAMS 0x00000000e3400000, 0x00000000e3400000| Untracked 
|  53|0x00000000e3500000, 0x00000000e3500000, 0x00000000e3600000|  0%| F|  |TAMS 0x00000000e3500000, 0x00000000e3500000| Untracked 
|  54|0x00000000e3600000, 0x00000000e3600000, 0x00000000e3700000|  0%| F|  |TAMS 0x00000000e3600000, 0x00000000e3600000| Untracked 
|  55|0x00000000e3700000, 0x00000000e3700000, 0x00000000e3800000|  0%| F|  |TAMS 0x00000000e3700000, 0x00000000e3700000| Untracked 
|  56|0x00000000e3800000, 0x00000000e3800000, 0x00000000e3900000|  0%| F|  |TAMS 0x00000000e3800000, 0x00000000e3800000| Untracked 
|  57|0x00000000e3900000, 0x00000000e3900000, 0x00000000e3a00000|  0%| F|  |TAMS 0x00000000e3900000, 0x00000000e3900000| Untracked 
|  58|0x00000000e3a00000, 0x00000000e3a00000, 0x00000000e3b00000|  0%| F|  |TAMS 0x00000000e3a00000, 0x00000000e3a00000| Untracked 
|  59|0x00000000e3b00000, 0x00000000e3b00000, 0x00000000e3c00000|  0%| F|  |TAMS 0x00000000e3b00000, 0x00000000e3b00000| Untracked 
|  60|0x00000000e3c00000, 0x00000000e3c00000, 0x00000000e3d00000|  0%| F|  |TAMS 0x00000000e3c00000, 0x00000000e3c00000| Untracked 
|  61|0x00000000e3d00000, 0x00000000e3d00000, 0x00000000e3e00000|  0%| F|  |TAMS 0x00000000e3d00000, 0x00000000e3d00000| Untracked 
|  62|0x00000000e3e00000, 0x00000000e3e00000, 0x00000000e3f00000|  0%| F|  |TAMS 0x00000000e3e00000, 0x00000000e3e00000| Untracked 
|  63|0x00000000e3f00000, 0x00000000e3f00000, 0x00000000e4000000|  0%| F|  |TAMS 0x00000000e3f00000, 0x00000000e3f00000| Untracked 
|  64|0x00000000e4000000, 0x00000000e4000000, 0x00000000e4100000|  0%| F|  |TAMS 0x00000000e4000000, 0x00000000e4000000| Untracked 
|  65|0x00000000e4100000, 0x00000000e4100000, 0x00000000e4200000|  0%| F|  |TAMS 0x00000000e4100000, 0x00000000e4100000| Untracked 
|  66|0x00000000e4200000, 0x00000000e4200000, 0x00000000e4300000|  0%| F|  |TAMS 0x00000000e4200000, 0x00000000e4200000| Untracked 
|  67|0x00000000e4300000, 0x00000000e4300000, 0x00000000e4400000|  0%| F|  |TAMS 0x00000000e4300000, 0x00000000e4300000| Untracked 
|  68|0x00000000e4400000, 0x00000000e4400000, 0x00000000e4500000|  0%| F|  |TAMS 0x00000000e4400000, 0x00000000e4400000| Untracked 
|  69|0x00000000e4500000, 0x00000000e4500000, 0x00000000e4600000|  0%| F|  |TAMS 0x00000000e4500000, 0x00000000e4500000| Untracked 
|  70|0x00000000e4600000, 0x00000000e4600000, 0x00000000e4700000|  0%| F|  |TAMS 0x00000000e4600000, 0x00000000e4600000| Untracked 
|  71|0x00000000e4700000, 0x00000000e4700000, 0x00000000e4800000|  0%| F|  |TAMS 0x00000000e4700000, 0x00000000e4700000| Untracked 
|  72|0x00000000e4800000, 0x00000000e4800000, 0x00000000e4900000|  0%| F|  |TAMS 0x00000000e4800000, 0x00000000e4800000| Untracked 
|  73|0x00000000e4900000, 0x00000000e4900000, 0x00000000e4a00000|  0%| F|  |TAMS 0x00000000e4900000, 0x00000000e4900000| Untracked 
|  74|0x00000000e4a00000, 0x00000000e4a00000, 0x00000000e4b00000|  0%| F|  |TAMS 0x00000000e4a00000, 0x00000000e4a00000| Untracked 
|  75|0x00000000e4b00000, 0x00000000e4b00000, 0x00000000e4c00000|  0%| F|  |TAMS 0x00000000e4b00000, 0x00000000e4b00000| Untracked 
|  76|0x00000000e4c00000, 0x00000000e4c00000, 0x00000000e4d00000|  0%| F|  |TAMS 0x00000000e4c00000, 0x00000000e4c00000| Untracked 
|  77|0x00000000e4d00000, 0x00000000e4d00000, 0x00000000e4e00000|  0%| F|  |TAMS 0x00000000e4d00000, 0x00000000e4d00000| Untracked 
|  78|0x00000000e4e00000, 0x00000000e4e00000, 0x00000000e4f00000|  0%| F|  |TAMS 0x00000000e4e00000, 0x00000000e4e00000| Untracked 
|  79|0x00000000e4f00000, 0x00000000e4f00000, 0x00000000e5000000|  0%| F|  |TAMS 0x00000000e4f00000, 0x00000000e4f00000| Untracked 
|  80|0x00000000e5000000, 0x00000000e5000000, 0x00000000e5100000|  0%| F|  |TAMS 0x00000000e5000000, 0x00000000e5000000| Untracked 
|  81|0x00000000e5100000, 0x00000000e5100000, 0x00000000e5200000|  0%| F|  |TAMS 0x00000000e5100000, 0x00000000e5100000| Untracked 
|  82|0x00000000e5200000, 0x00000000e5200000, 0x00000000e5300000|  0%| F|  |TAMS 0x00000000e5200000, 0x00000000e5200000| Untracked 
|  83|0x00000000e5300000, 0x00000000e5300000, 0x00000000e5400000|  0%| F|  |TAMS 0x00000000e5300000, 0x00000000e5300000| Untracked 
|  84|0x00000000e5400000, 0x00000000e5400000, 0x00000000e5500000|  0%| F|  |TAMS 0x00000000e5400000, 0x00000000e5400000| Untracked 
|  85|0x00000000e5500000, 0x00000000e5500000, 0x00000000e5600000|  0%| F|  |TAMS 0x00000000e5500000, 0x00000000e5500000| Untracked 
|  86|0x00000000e5600000, 0x00000000e5600000, 0x00000000e5700000|  0%| F|  |TAMS 0x00000000e5600000, 0x00000000e5600000| Untracked 
|  87|0x00000000e5700000, 0x00000000e5700000, 0x00000000e5800000|  0%| F|  |TAMS 0x00000000e5700000, 0x00000000e5700000| Untracked 
|  88|0x00000000e5800000, 0x00000000e5800000, 0x00000000e5900000|  0%| F|  |TAMS 0x00000000e5800000, 0x00000000e5800000| Untracked 
|  89|0x00000000e5900000, 0x00000000e5900000, 0x00000000e5a00000|  0%| F|  |TAMS 0x00000000e5900000, 0x00000000e5900000| Untracked 
|  90|0x00000000e5a00000, 0x00000000e5a00000, 0x00000000e5b00000|  0%| F|  |TAMS 0x00000000e5a00000, 0x00000000e5a00000| Untracked 
|  91|0x00000000e5b00000, 0x00000000e5b00000, 0x00000000e5c00000|  0%| F|  |TAMS 0x00000000e5b00000, 0x00000000e5b00000| Untracked 
|  92|0x00000000e5c00000, 0x00000000e5c00000, 0x00000000e5d00000|  0%| F|  |TAMS 0x00000000e5c00000, 0x00000000e5c00000| Untracked 
|  93|0x00000000e5d00000, 0x00000000e5d00000, 0x00000000e5e00000|  0%| F|  |TAMS 0x00000000e5d00000, 0x00000000e5d00000| Untracked 
|  94|0x00000000e5e00000, 0x00000000e5e00000, 0x00000000e5f00000|  0%| F|  |TAMS 0x00000000e5e00000, 0x00000000e5e00000| Untracked 
|  95|0x00000000e5f00000, 0x00000000e5f00000, 0x00000000e6000000|  0%| F|  |TAMS 0x00000000e5f00000, 0x00000000e5f00000| Untracked 
|  96|0x00000000e6000000, 0x00000000e6000000, 0x00000000e6100000|  0%| F|  |TAMS 0x00000000e6000000, 0x00000000e6000000| Untracked 
|  97|0x00000000e6100000, 0x00000000e6100000, 0x00000000e6200000|  0%| F|  |TAMS 0x00000000e6100000, 0x00000000e6100000| Untracked 
|  98|0x00000000e6200000, 0x00000000e6200000, 0x00000000e6300000|  0%| F|  |TAMS 0x00000000e6200000, 0x00000000e6200000| Untracked 
|  99|0x00000000e6300000, 0x00000000e6300000, 0x00000000e6400000|  0%| F|  |TAMS 0x00000000e6300000, 0x00000000e6300000| Untracked 
| 100|0x00000000e6400000, 0x00000000e6400000, 0x00000000e6500000|  0%| F|  |TAMS 0x00000000e6400000, 0x00000000e6400000| Untracked 
| 101|0x00000000e6500000, 0x00000000e6500000, 0x00000000e6600000|  0%| F|  |TAMS 0x00000000e6500000, 0x00000000e6500000| Untracked 
| 102|0x00000000e6600000, 0x00000000e6600000, 0x00000000e6700000|  0%| F|  |TAMS 0x00000000e6600000, 0x00000000e6600000| Untracked 
| 103|0x00000000e6700000, 0x00000000e6700000, 0x00000000e6800000|  0%| F|  |TAMS 0x00000000e6700000, 0x00000000e6700000| Untracked 
| 104|0x00000000e6800000, 0x00000000e6800000, 0x00000000e6900000|  0%| F|  |TAMS 0x00000000e6800000, 0x00000000e6800000| Untracked 
| 105|0x00000000e6900000, 0x00000000e6900000, 0x00000000e6a00000|  0%| F|  |TAMS 0x00000000e6900000, 0x00000000e6900000| Untracked 
| 106|0x00000000e6a00000, 0x00000000e6a00000, 0x00000000e6b00000|  0%| F|  |TAMS 0x00000000e6a00000, 0x00000000e6a00000| Untracked 
| 107|0x00000000e6b00000, 0x00000000e6b00000, 0x00000000e6c00000|  0%| F|  |TAMS 0x00000000e6b00000, 0x00000000e6b00000| Untracked 
| 108|0x00000000e6c00000, 0x00000000e6c00000, 0x00000000e6d00000|  0%| F|  |TAMS 0x00000000e6c00000, 0x00000000e6c00000| Untracked 
| 109|0x00000000e6d00000, 0x00000000e6d00000, 0x00000000e6e00000|  0%| F|  |TAMS 0x00000000e6d00000, 0x00000000e6d00000| Untracked 
| 110|0x00000000e6e00000, 0x00000000e6e00000, 0x00000000e6f00000|  0%| F|  |TAMS 0x00000000e6e00000, 0x00000000e6e00000| Untracked 
| 111|0x00000000e6f00000, 0x00000000e6f00000, 0x00000000e7000000|  0%| F|  |TAMS 0x00000000e6f00000, 0x00000000e6f00000| Untracked 
| 112|0x00000000e7000000, 0x00000000e7000000, 0x00000000e7100000|  0%| F|  |TAMS 0x00000000e7000000, 0x00000000e7000000| Untracked 
| 113|0x00000000e7100000, 0x00000000e7100000, 0x00000000e7200000|  0%| F|  |TAMS 0x00000000e7100000, 0x00000000e7100000| Untracked 
| 114|0x00000000e7200000, 0x00000000e7200000, 0x00000000e7300000|  0%| F|  |TAMS 0x00000000e7200000, 0x00000000e7200000| Untracked 
| 115|0x00000000e7300000, 0x00000000e7300000, 0x00000000e7400000|  0%| F|  |TAMS 0x00000000e7300000, 0x00000000e7300000| Untracked 
| 116|0x00000000e7400000, 0x00000000e7400000, 0x00000000e7500000|  0%| F|  |TAMS 0x00000000e7400000, 0x00000000e7400000| Untracked 
| 117|0x00000000e7500000, 0x00000000e7500000, 0x00000000e7600000|  0%| F|  |TAMS 0x00000000e7500000, 0x00000000e7500000| Untracked 
| 118|0x00000000e7600000, 0x00000000e7600000, 0x00000000e7700000|  0%| F|  |TAMS 0x00000000e7600000, 0x00000000e7600000| Untracked 
| 119|0x00000000e7700000, 0x00000000e7700000, 0x00000000e7800000|  0%| F|  |TAMS 0x00000000e7700000, 0x00000000e7700000| Untracked 
| 120|0x00000000e7800000, 0x00000000e7800000, 0x00000000e7900000|  0%| F|  |TAMS 0x00000000e7800000, 0x00000000e7800000| Untracked 
| 121|0x00000000e7900000, 0x00000000e7900000, 0x00000000e7a00000|  0%| F|  |TAMS 0x00000000e7900000, 0x00000000e7900000| Untracked 
| 122|0x00000000e7a00000, 0x00000000e7a00000, 0x00000000e7b00000|  0%| F|  |TAMS 0x00000000e7a00000, 0x00000000e7a00000| Untracked 
| 123|0x00000000e7b00000, 0x00000000e7b00000, 0x00000000e7c00000|  0%| F|  |TAMS 0x00000000e7b00000, 0x00000000e7b00000| Untracked 
| 124|0x00000000e7c00000, 0x00000000e7c00000, 0x00000000e7d00000|  0%| F|  |TAMS 0x00000000e7c00000, 0x00000000e7c00000| Untracked 
| 125|0x00000000e7d00000, 0x00000000e7d00000, 0x00000000e7e00000|  0%| F|  |TAMS 0x00000000e7d00000, 0x00000000e7d00000| Untracked 
| 126|0x00000000e7e00000, 0x00000000e7e00000, 0x00000000e7f00000|  0%| F|  |TAMS 0x00000000e7e00000, 0x00000000e7e00000| Untracked 
| 127|0x00000000e7f00000, 0x00000000e7f00000, 0x00000000e8000000|  0%| F|  |TAMS 0x00000000e7f00000, 0x00000000e7f00000| Untracked 
| 128|0x00000000e8000000, 0x00000000e8000000, 0x00000000e8100000|  0%| F|  |TAMS 0x00000000e8000000, 0x00000000e8000000| Untracked 
| 129|0x00000000e8100000, 0x00000000e8100000, 0x00000000e8200000|  0%| F|  |TAMS 0x00000000e8100000, 0x00000000e8100000| Untracked 
| 130|0x00000000e8200000, 0x00000000e8200000, 0x00000000e8300000|  0%| F|  |TAMS 0x00000000e8200000, 0x00000000e8200000| Untracked 
| 131|0x00000000e8300000, 0x00000000e8300000, 0x00000000e8400000|  0%| F|  |TAMS 0x00000000e8300000, 0x00000000e8300000| Untracked 
| 132|0x00000000e8400000, 0x00000000e8400000, 0x00000000e8500000|  0%| F|  |TAMS 0x00000000e8400000, 0x00000000e8400000| Untracked 
| 133|0x00000000e8500000, 0x00000000e8500000, 0x00000000e8600000|  0%| F|  |TAMS 0x00000000e8500000, 0x00000000e8500000| Untracked 
| 134|0x00000000e8600000, 0x00000000e8600000, 0x00000000e8700000|  0%| F|  |TAMS 0x00000000e8600000, 0x00000000e8600000| Untracked 
| 135|0x00000000e8700000, 0x00000000e8700000, 0x00000000e8800000|  0%| F|  |TAMS 0x00000000e8700000, 0x00000000e8700000| Untracked 
| 136|0x00000000e8800000, 0x00000000e8800000, 0x00000000e8900000|  0%| F|  |TAMS 0x00000000e8800000, 0x00000000e8800000| Untracked 
| 137|0x00000000e8900000, 0x00000000e8900000, 0x00000000e8a00000|  0%| F|  |TAMS 0x00000000e8900000, 0x00000000e8900000| Untracked 
| 138|0x00000000e8a00000, 0x00000000e8a00000, 0x00000000e8b00000|  0%| F|  |TAMS 0x00000000e8a00000, 0x00000000e8a00000| Untracked 
| 139|0x00000000e8b00000, 0x00000000e8b00000, 0x00000000e8c00000|  0%| F|  |TAMS 0x00000000e8b00000, 0x00000000e8b00000| Untracked 
| 140|0x00000000e8c00000, 0x00000000e8c00000, 0x00000000e8d00000|  0%| F|  |TAMS 0x00000000e8c00000, 0x00000000e8c00000| Untracked 
| 141|0x00000000e8d00000, 0x00000000e8d00000, 0x00000000e8e00000|  0%| F|  |TAMS 0x00000000e8d00000, 0x00000000e8d00000| Untracked 
| 142|0x00000000e8e00000, 0x00000000e8e00000, 0x00000000e8f00000|  0%| F|  |TAMS 0x00000000e8e00000, 0x00000000e8e00000| Untracked 
| 143|0x00000000e8f00000, 0x00000000e8f00000, 0x00000000e9000000|  0%| F|  |TAMS 0x00000000e8f00000, 0x00000000e8f00000| Untracked 
| 144|0x00000000e9000000, 0x00000000e9000000, 0x00000000e9100000|  0%| F|  |TAMS 0x00000000e9000000, 0x00000000e9000000| Untracked 
| 145|0x00000000e9100000, 0x00000000e9100000, 0x00000000e9200000|  0%| F|  |TAMS 0x00000000e9100000, 0x00000000e9100000| Untracked 
| 146|0x00000000e9200000, 0x00000000e9200000, 0x00000000e9300000|  0%| F|  |TAMS 0x00000000e9200000, 0x00000000e9200000| Untracked 
| 147|0x00000000e9300000, 0x00000000e9300000, 0x00000000e9400000|  0%| F|  |TAMS 0x00000000e9300000, 0x00000000e9300000| Untracked 
| 148|0x00000000e9400000, 0x00000000e9400000, 0x00000000e9500000|  0%| F|  |TAMS 0x00000000e9400000, 0x00000000e9400000| Untracked 
| 149|0x00000000e9500000, 0x00000000e9500000, 0x00000000e9600000|  0%| F|  |TAMS 0x00000000e9500000, 0x00000000e9500000| Untracked 
| 150|0x00000000e9600000, 0x00000000e9600000, 0x00000000e9700000|  0%| F|  |TAMS 0x00000000e9600000, 0x00000000e9600000| Untracked 
| 151|0x00000000e9700000, 0x00000000e9700000, 0x00000000e9800000|  0%| F|  |TAMS 0x00000000e9700000, 0x00000000e9700000| Untracked 
| 152|0x00000000e9800000, 0x00000000e9800000, 0x00000000e9900000|  0%| F|  |TAMS 0x00000000e9800000, 0x00000000e9800000| Untracked 
| 153|0x00000000e9900000, 0x00000000e9900000, 0x00000000e9a00000|  0%| F|  |TAMS 0x00000000e9900000, 0x00000000e9900000| Untracked 
| 154|0x00000000e9a00000, 0x00000000e9a00000, 0x00000000e9b00000|  0%| F|  |TAMS 0x00000000e9a00000, 0x00000000e9a00000| Untracked 
| 155|0x00000000e9b00000, 0x00000000e9b00000, 0x00000000e9c00000|  0%| F|  |TAMS 0x00000000e9b00000, 0x00000000e9b00000| Untracked 
| 156|0x00000000e9c00000, 0x00000000e9c00000, 0x00000000e9d00000|  0%| F|  |TAMS 0x00000000e9c00000, 0x00000000e9c00000| Untracked 
| 157|0x00000000e9d00000, 0x00000000e9d00000, 0x00000000e9e00000|  0%| F|  |TAMS 0x00000000e9d00000, 0x00000000e9d00000| Untracked 
| 158|0x00000000e9e00000, 0x00000000e9e00000, 0x00000000e9f00000|  0%| F|  |TAMS 0x00000000e9e00000, 0x00000000e9e00000| Untracked 
| 159|0x00000000e9f00000, 0x00000000e9f00000, 0x00000000ea000000|  0%| F|  |TAMS 0x00000000e9f00000, 0x00000000e9f00000| Untracked 
| 160|0x00000000ea000000, 0x00000000ea000000, 0x00000000ea100000|  0%| F|  |TAMS 0x00000000ea000000, 0x00000000ea000000| Untracked 
| 161|0x00000000ea100000, 0x00000000ea100000, 0x00000000ea200000|  0%| F|  |TAMS 0x00000000ea100000, 0x00000000ea100000| Untracked 
| 162|0x00000000ea200000, 0x00000000ea200000, 0x00000000ea300000|  0%| F|  |TAMS 0x00000000ea200000, 0x00000000ea200000| Untracked 
| 163|0x00000000ea300000, 0x00000000ea300000, 0x00000000ea400000|  0%| F|  |TAMS 0x00000000ea300000, 0x00000000ea300000| Untracked 
| 164|0x00000000ea400000, 0x00000000ea400000, 0x00000000ea500000|  0%| F|  |TAMS 0x00000000ea400000, 0x00000000ea400000| Untracked 
| 165|0x00000000ea500000, 0x00000000ea500000, 0x00000000ea600000|  0%| F|  |TAMS 0x00000000ea500000, 0x00000000ea500000| Untracked 
| 166|0x00000000ea600000, 0x00000000ea600000, 0x00000000ea700000|  0%| F|  |TAMS 0x00000000ea600000, 0x00000000ea600000| Untracked 
| 167|0x00000000ea700000, 0x00000000ea700000, 0x00000000ea800000|  0%| F|  |TAMS 0x00000000ea700000, 0x00000000ea700000| Untracked 
| 168|0x00000000ea800000, 0x00000000ea800000, 0x00000000ea900000|  0%| F|  |TAMS 0x00000000ea800000, 0x00000000ea800000| Untracked 
| 169|0x00000000ea900000, 0x00000000ea900000, 0x00000000eaa00000|  0%| F|  |TAMS 0x00000000ea900000, 0x00000000ea900000| Untracked 
| 170|0x00000000eaa00000, 0x00000000eaa00000, 0x00000000eab00000|  0%| F|  |TAMS 0x00000000eaa00000, 0x00000000eaa00000| Untracked 
| 171|0x00000000eab00000, 0x00000000eab00000, 0x00000000eac00000|  0%| F|  |TAMS 0x00000000eab00000, 0x00000000eab00000| Untracked 
| 172|0x00000000eac00000, 0x00000000eac00000, 0x00000000ead00000|  0%| F|  |TAMS 0x00000000eac00000, 0x00000000eac00000| Untracked 
| 173|0x00000000ead00000, 0x00000000ead00000, 0x00000000eae00000|  0%| F|  |TAMS 0x00000000ead00000, 0x00000000ead00000| Untracked 
| 174|0x00000000eae00000, 0x00000000eae00000, 0x00000000eaf00000|  0%| F|  |TAMS 0x00000000eae00000, 0x00000000eae00000| Untracked 
| 175|0x00000000eaf00000, 0x00000000eaf00000, 0x00000000eb000000|  0%| F|  |TAMS 0x00000000eaf00000, 0x00000000eaf00000| Untracked 
| 176|0x00000000eb000000, 0x00000000eb000000, 0x00000000eb100000|  0%| F|  |TAMS 0x00000000eb000000, 0x00000000eb000000| Untracked 
| 177|0x00000000eb100000, 0x00000000eb100000, 0x00000000eb200000|  0%| F|  |TAMS 0x00000000eb100000, 0x00000000eb100000| Untracked 
| 178|0x00000000eb200000, 0x00000000eb200000, 0x00000000eb300000|  0%| F|  |TAMS 0x00000000eb200000, 0x00000000eb200000| Untracked 
| 179|0x00000000eb300000, 0x00000000eb300000, 0x00000000eb400000|  0%| F|  |TAMS 0x00000000eb300000, 0x00000000eb300000| Untracked 
| 180|0x00000000eb400000, 0x00000000eb400000, 0x00000000eb500000|  0%| F|  |TAMS 0x00000000eb400000, 0x00000000eb400000| Untracked 
| 181|0x00000000eb500000, 0x00000000eb500000, 0x00000000eb600000|  0%| F|  |TAMS 0x00000000eb500000, 0x00000000eb500000| Untracked 
| 182|0x00000000eb600000, 0x00000000eb600000, 0x00000000eb700000|  0%| F|  |TAMS 0x00000000eb600000, 0x00000000eb600000| Untracked 
| 183|0x00000000eb700000, 0x00000000eb700000, 0x00000000eb800000|  0%| F|  |TAMS 0x00000000eb700000, 0x00000000eb700000| Untracked 
| 184|0x00000000eb800000, 0x00000000eb800000, 0x00000000eb900000|  0%| F|  |TAMS 0x00000000eb800000, 0x00000000eb800000| Untracked 
| 185|0x00000000eb900000, 0x00000000eb900000, 0x00000000eba00000|  0%| F|  |TAMS 0x00000000eb900000, 0x00000000eb900000| Untracked 
| 186|0x00000000eba00000, 0x00000000eba00000, 0x00000000ebb00000|  0%| F|  |TAMS 0x00000000eba00000, 0x00000000eba00000| Untracked 
| 187|0x00000000ebb00000, 0x00000000ebb00000, 0x00000000ebc00000|  0%| F|  |TAMS 0x00000000ebb00000, 0x00000000ebb00000| Untracked 
| 188|0x00000000ebc00000, 0x00000000ebc00000, 0x00000000ebd00000|  0%| F|  |TAMS 0x00000000ebc00000, 0x00000000ebc00000| Untracked 
| 189|0x00000000ebd00000, 0x00000000ebd00000, 0x00000000ebe00000|  0%| F|  |TAMS 0x00000000ebd00000, 0x00000000ebd00000| Untracked 
| 190|0x00000000ebe00000, 0x00000000ebe00000, 0x00000000ebf00000|  0%| F|  |TAMS 0x00000000ebe00000, 0x00000000ebe00000| Untracked 
| 191|0x00000000ebf00000, 0x00000000ebf00000, 0x00000000ec000000|  0%| F|  |TAMS 0x00000000ebf00000, 0x00000000ebf00000| Untracked 
| 192|0x00000000ec000000, 0x00000000ec000000, 0x00000000ec100000|  0%| F|  |TAMS 0x00000000ec000000, 0x00000000ec000000| Untracked 
| 193|0x00000000ec100000, 0x00000000ec100000, 0x00000000ec200000|  0%| F|  |TAMS 0x00000000ec100000, 0x00000000ec100000| Untracked 
| 194|0x00000000ec200000, 0x00000000ec200000, 0x00000000ec300000|  0%| F|  |TAMS 0x00000000ec200000, 0x00000000ec200000| Untracked 
| 195|0x00000000ec300000, 0x00000000ec300000, 0x00000000ec400000|  0%| F|  |TAMS 0x00000000ec300000, 0x00000000ec300000| Untracked 
| 196|0x00000000ec400000, 0x00000000ec400000, 0x00000000ec500000|  0%| F|  |TAMS 0x00000000ec400000, 0x00000000ec400000| Untracked 
| 197|0x00000000ec500000, 0x00000000ec500000, 0x00000000ec600000|  0%| F|  |TAMS 0x00000000ec500000, 0x00000000ec500000| Untracked 
| 198|0x00000000ec600000, 0x00000000ec600000, 0x00000000ec700000|  0%| F|  |TAMS 0x00000000ec600000, 0x00000000ec600000| Untracked 
| 199|0x00000000ec700000, 0x00000000ec700000, 0x00000000ec800000|  0%| F|  |TAMS 0x00000000ec700000, 0x00000000ec700000| Untracked 
| 200|0x00000000ec800000, 0x00000000ec800000, 0x00000000ec900000|  0%| F|  |TAMS 0x00000000ec800000, 0x00000000ec800000| Untracked 
| 201|0x00000000ec900000, 0x00000000ec900000, 0x00000000eca00000|  0%| F|  |TAMS 0x00000000ec900000, 0x00000000ec900000| Untracked 
| 202|0x00000000eca00000, 0x00000000eca00000, 0x00000000ecb00000|  0%| F|  |TAMS 0x00000000eca00000, 0x00000000eca00000| Untracked 
| 203|0x00000000ecb00000, 0x00000000ecb00000, 0x00000000ecc00000|  0%| F|  |TAMS 0x00000000ecb00000, 0x00000000ecb00000| Untracked 
| 204|0x00000000ecc00000, 0x00000000ecc00000, 0x00000000ecd00000|  0%| F|  |TAMS 0x00000000ecc00000, 0x00000000ecc00000| Untracked 
| 205|0x00000000ecd00000, 0x00000000ecd00000, 0x00000000ece00000|  0%| F|  |TAMS 0x00000000ecd00000, 0x00000000ecd00000| Untracked 
| 206|0x00000000ece00000, 0x00000000ece00000, 0x00000000ecf00000|  0%| F|  |TAMS 0x00000000ece00000, 0x00000000ece00000| Untracked 
| 207|0x00000000ecf00000, 0x00000000ecf00000, 0x00000000ed000000|  0%| F|  |TAMS 0x00000000ecf00000, 0x00000000ecf00000| Untracked 
| 208|0x00000000ed000000, 0x00000000ed000000, 0x00000000ed100000|  0%| F|  |TAMS 0x00000000ed000000, 0x00000000ed000000| Untracked 
| 209|0x00000000ed100000, 0x00000000ed100000, 0x00000000ed200000|  0%| F|  |TAMS 0x00000000ed100000, 0x00000000ed100000| Untracked 
| 210|0x00000000ed200000, 0x00000000ed200000, 0x00000000ed300000|  0%| F|  |TAMS 0x00000000ed200000, 0x00000000ed200000| Untracked 
| 211|0x00000000ed300000, 0x00000000ed300000, 0x00000000ed400000|  0%| F|  |TAMS 0x00000000ed300000, 0x00000000ed300000| Untracked 
| 212|0x00000000ed400000, 0x00000000ed400000, 0x00000000ed500000|  0%| F|  |TAMS 0x00000000ed400000, 0x00000000ed400000| Untracked 
| 213|0x00000000ed500000, 0x00000000ed500000, 0x00000000ed600000|  0%| F|  |TAMS 0x00000000ed500000, 0x00000000ed500000| Untracked 
| 214|0x00000000ed600000, 0x00000000ed600000, 0x00000000ed700000|  0%| F|  |TAMS 0x00000000ed600000, 0x00000000ed600000| Untracked 
| 215|0x00000000ed700000, 0x00000000ed700000, 0x00000000ed800000|  0%| F|  |TAMS 0x00000000ed700000, 0x00000000ed700000| Untracked 
| 216|0x00000000ed800000, 0x00000000ed800000, 0x00000000ed900000|  0%| F|  |TAMS 0x00000000ed800000, 0x00000000ed800000| Untracked 
| 217|0x00000000ed900000, 0x00000000ed900000, 0x00000000eda00000|  0%| F|  |TAMS 0x00000000ed900000, 0x00000000ed900000| Untracked 
| 218|0x00000000eda00000, 0x00000000eda00000, 0x00000000edb00000|  0%| F|  |TAMS 0x00000000eda00000, 0x00000000eda00000| Untracked 
| 219|0x00000000edb00000, 0x00000000edb00000, 0x00000000edc00000|  0%| F|  |TAMS 0x00000000edb00000, 0x00000000edb00000| Untracked 
| 220|0x00000000edc00000, 0x00000000edc00000, 0x00000000edd00000|  0%| F|  |TAMS 0x00000000edc00000, 0x00000000edc00000| Untracked 
| 221|0x00000000edd00000, 0x00000000edd00000, 0x00000000ede00000|  0%| F|  |TAMS 0x00000000edd00000, 0x00000000edd00000| Untracked 
| 222|0x00000000ede00000, 0x00000000ede00000, 0x00000000edf00000|  0%| F|  |TAMS 0x00000000ede00000, 0x00000000ede00000| Untracked 
| 223|0x00000000edf00000, 0x00000000edf00000, 0x00000000ee000000|  0%| F|  |TAMS 0x00000000edf00000, 0x00000000edf00000| Untracked 
| 224|0x00000000ee000000, 0x00000000ee000000, 0x00000000ee100000|  0%| F|  |TAMS 0x00000000ee000000, 0x00000000ee000000| Untracked 
| 225|0x00000000ee100000, 0x00000000ee100000, 0x00000000ee200000|  0%| F|  |TAMS 0x00000000ee100000, 0x00000000ee100000| Untracked 
| 226|0x00000000ee200000, 0x00000000ee200000, 0x00000000ee300000|  0%| F|  |TAMS 0x00000000ee200000, 0x00000000ee200000| Untracked 
| 227|0x00000000ee300000, 0x00000000ee300000, 0x00000000ee400000|  0%| F|  |TAMS 0x00000000ee300000, 0x00000000ee300000| Untracked 
| 228|0x00000000ee400000, 0x00000000ee400000, 0x00000000ee500000|  0%| F|  |TAMS 0x00000000ee400000, 0x00000000ee400000| Untracked 
| 229|0x00000000ee500000, 0x00000000ee500000, 0x00000000ee600000|  0%| F|  |TAMS 0x00000000ee500000, 0x00000000ee500000| Untracked 
| 230|0x00000000ee600000, 0x00000000ee700000, 0x00000000ee700000|100%| E|  |TAMS 0x00000000ee600000, 0x00000000ee600000| Complete 
| 231|0x00000000ee700000, 0x00000000ee800000, 0x00000000ee800000|100%| E|CS|TAMS 0x00000000ee700000, 0x00000000ee700000| Complete 
| 232|0x00000000ee800000, 0x00000000ee816628, 0x00000000ee900000|  8%| S|CS|TAMS 0x00000000ee800000, 0x00000000ee800000| Complete 
| 233|0x00000000ee900000, 0x00000000eea00000, 0x00000000eea00000|100%| S|CS|TAMS 0x00000000ee900000, 0x00000000ee900000| Complete 
| 234|0x00000000eea00000, 0x00000000eeb00000, 0x00000000eeb00000|100%| E|CS|TAMS 0x00000000eea00000, 0x00000000eea00000| Complete 
| 235|0x00000000eeb00000, 0x00000000eec00000, 0x00000000eec00000|100%| E|CS|TAMS 0x00000000eeb00000, 0x00000000eeb00000| Complete 
| 236|0x00000000eec00000, 0x00000000eed00000, 0x00000000eed00000|100%| E|CS|TAMS 0x00000000eec00000, 0x00000000eec00000| Complete 
| 237|0x00000000eed00000, 0x00000000eee00000, 0x00000000eee00000|100%| E|CS|TAMS 0x00000000eed00000, 0x00000000eed00000| Complete 
| 238|0x00000000eee00000, 0x00000000eef00000, 0x00000000eef00000|100%| E|CS|TAMS 0x00000000eee00000, 0x00000000eee00000| Complete 
| 239|0x00000000eef00000, 0x00000000ef000000, 0x00000000ef000000|100%| E|CS|TAMS 0x00000000eef00000, 0x00000000eef00000| Complete 
| 240|0x00000000ef000000, 0x00000000ef100000, 0x00000000ef100000|100%| E|CS|TAMS 0x00000000ef000000, 0x00000000ef000000| Complete 
| 241|0x00000000ef100000, 0x00000000ef200000, 0x00000000ef200000|100%| E|CS|TAMS 0x00000000ef100000, 0x00000000ef100000| Complete 
| 242|0x00000000ef200000, 0x00000000ef300000, 0x00000000ef300000|100%| E|CS|TAMS 0x00000000ef200000, 0x00000000ef200000| Complete 
| 243|0x00000000ef300000, 0x00000000ef400000, 0x00000000ef400000|100%| E|CS|TAMS 0x00000000ef300000, 0x00000000ef300000| Complete 
| 244|0x00000000ef400000, 0x00000000ef500000, 0x00000000ef500000|100%| E|CS|TAMS 0x00000000ef400000, 0x00000000ef400000| Complete 
| 245|0x00000000ef500000, 0x00000000ef600000, 0x00000000ef600000|100%| E|CS|TAMS 0x00000000ef500000, 0x00000000ef500000| Complete 
| 246|0x00000000ef600000, 0x00000000ef700000, 0x00000000ef700000|100%| E|CS|TAMS 0x00000000ef600000, 0x00000000ef600000| Complete 
| 247|0x00000000ef700000, 0x00000000ef800000, 0x00000000ef800000|100%| E|CS|TAMS 0x00000000ef700000, 0x00000000ef700000| Complete 
| 248|0x00000000ef800000, 0x00000000ef900000, 0x00000000ef900000|100%| E|CS|TAMS 0x00000000ef800000, 0x00000000ef800000| Complete 
| 249|0x00000000ef900000, 0x00000000efa00000, 0x00000000efa00000|100%| E|CS|TAMS 0x00000000ef900000, 0x00000000ef900000| Complete 
| 250|0x00000000efa00000, 0x00000000efb00000, 0x00000000efb00000|100%| E|CS|TAMS 0x00000000efa00000, 0x00000000efa00000| Complete 
| 251|0x00000000efb00000, 0x00000000efc00000, 0x00000000efc00000|100%| E|CS|TAMS 0x00000000efb00000, 0x00000000efb00000| Complete 
| 252|0x00000000efc00000, 0x00000000efd00000, 0x00000000efd00000|100%| E|CS|TAMS 0x00000000efc00000, 0x00000000efc00000| Complete 
| 253|0x00000000efd00000, 0x00000000efe00000, 0x00000000efe00000|100%| E|CS|TAMS 0x00000000efd00000, 0x00000000efd00000| Complete 
| 254|0x00000000efe00000, 0x00000000eff00000, 0x00000000eff00000|100%| E|CS|TAMS 0x00000000efe00000, 0x00000000efe00000| Complete 
| 255|0x00000000eff00000, 0x00000000f0000000, 0x00000000f0000000|100%| E|CS|TAMS 0x00000000eff00000, 0x00000000eff00000| Complete 

Card table byte_map: [0x00000221c1200000,0x00000221c1300000] _byte_map_base: 0x00000221c0b00000

Marking Bits (Prev, Next): (CMBitMap*) 0x00000221a9484af0, (CMBitMap*) 0x00000221a9484ab8
 Prev Bits: [0x00000221c1c00000, 0x00000221c2400000)
 Next Bits: [0x00000221c1400000, 0x00000221c1c00000)

Polling page: 0x00000221a73f0000

Metaspace:

Usage:
  Non-class:     22.18 MB capacity,    21.81 MB ( 98%) used,   336.88 KB (  1%) free+waste,    44.56 KB ( <1%) overhead. 
      Class:      3.43 MB capacity,     3.21 MB ( 93%) used,   206.97 KB (  6%) free+waste,    22.06 KB ( <1%) overhead. 
       Both:     25.61 MB capacity,    25.02 MB ( 98%) used,   543.84 KB (  2%) free+waste,    66.63 KB ( <1%) overhead. 

Virtual space:
  Non-class space:       26.00 MB reserved,      22.42 MB ( 86%) committed 
      Class space:      248.00 MB reserved,       3.50 MB (  1%) committed 
             Both:      274.00 MB reserved,      25.92 MB (  9%) committed 

Chunk freelists:
   Non-Class:  54.00 KB
       Class:  2.00 KB
        Both:  56.00 KB

MaxMetaspaceSize: 256.00 MB
CompressedClassSpaceSize: 248.00 MB
Initial GC threshold: 20.80 MB
Current GC threshold: 35.08 MB
CDS: off

CodeHeap 'non-profiled nmethods': size=120000Kb used=1100Kb max_used=1100Kb free=118900Kb
 bounds [0x00000221b9680000, 0x00000221b98f0000, 0x00000221c0bb0000]
CodeHeap 'profiled nmethods': size=120000Kb used=4632Kb max_used=4632Kb free=115367Kb
 bounds [0x00000221b2150000, 0x00000221b25e0000, 0x00000221b9680000]
CodeHeap 'non-nmethods': size=5760Kb used=1220Kb max_used=1240Kb free=4539Kb
 bounds [0x00000221b1bb0000, 0x00000221b1e20000, 0x00000221b2150000]
 total_blobs=2696 nmethods=2200 adapters=408
 compilation: enabled
              stopped_count=0, restarted_count=0
 full_count=0

Compilation events (20 events):
Event: 3.957 Thread 0x00000221c5a09000 nmethod 2072 0x00000221b258c690 code [0x00000221b258d400, 0x00000221b2593a38]
Event: 3.958 Thread 0x00000221c5a09000 2074       3       org.objectweb.asm.SymbolTable::put (150 bytes)
Event: 3.958 Thread 0x00000221c5a09000 nmethod 2074 0x00000221b2595690 code [0x00000221b25958a0, 0x00000221b25960f8]
Event: 3.958 Thread 0x00000221c5a09000 2076       3       org.objectweb.asm.SymbolTable::addConstantUtf8 (98 bytes)
Event: 3.959 Thread 0x00000221c5a09000 nmethod 2076 0x00000221b2596410 code [0x00000221b2596660, 0x00000221b2596cf8]
Event: 3.959 Thread 0x00000221c5a09000 2073       3       org.objectweb.asm.Symbol::<init> (38 bytes)
Event: 3.959 Thread 0x00000221c5a09000 nmethod 2073 0x00000221b2597090 code [0x00000221b2597240, 0x00000221b25974d8]
Event: 3.959 Thread 0x00000221c5a09000 2069       3       jdk.internal.org.objectweb.asm.MethodWriter::visitAnnotation (82 bytes)
Event: 3.959 Thread 0x00000221c5a09000 nmethod 2069 0x00000221b2597610 code [0x00000221b2597860, 0x00000221b2598118]
Event: 3.959 Thread 0x00000221c5a09000 2070       3       jdk.internal.org.objectweb.asm.AnnotationWriter::<init> (34 bytes)
Event: 3.959 Thread 0x00000221c5a09000 nmethod 2070 0x00000221b2598410 code [0x00000221b25985e0, 0x00000221b25988e8]
Event: 3.959 Thread 0x00000221c5a09000 2071       3       jdk.internal.org.objectweb.asm.AnnotationVisitor::<init> (7 bytes)
Event: 3.960 Thread 0x00000221c5a09000 nmethod 2071 0x00000221b2598a10 code [0x00000221b2598be0, 0x00000221b2598f08]
Event: 3.960 Thread 0x00000221c5a09000 2077       3       org.objectweb.asm.SymbolTable::addType (81 bytes)
Event: 3.960 Thread 0x00000221c5a09000 nmethod 2077 0x00000221b2599010 code [0x00000221b2599240, 0x00000221b2599818]
Event: 3.961 Thread 0x00000221c5a09000 2079       3       org.objectweb.asm.ByteVector::putShort (52 bytes)
Event: 3.962 Thread 0x00000221c5a09000 nmethod 2079 0x00000221b2599b10 code [0x00000221b2599ce0, 0x00000221b2599ee8]
Event: 3.962 Thread 0x00000221c5a09000 2078       1       org.objectweb.asm.SymbolTable::getMajorVersion (5 bytes)
Event: 3.962 Thread 0x00000221c5a09000 nmethod 2078 0x00000221b9786110 code [0x00000221b97862c0, 0x00000221b9786378]
Event: 3.963 Thread 0x00000221c5a09000 2080       3       jdk.internal.org.objectweb.asm.ClassReader::readUnsignedShort (26 bytes)

GC Heap History (6 events):
Event: 0.973 GC heap before
{Heap before GC invocations=0 (full 0):
 garbage-first heap   total 262144K, used 29696K [0x00000000e0000000, 0x0000000100000000)
  region size 1024K, 24 young (24576K), 0 survivors (0K)
 Metaspace       used 10098K, capacity 10398K, committed 10624K, reserved 264192K
  class space    used 1031K, capacity 1104K, committed 1152K, reserved 253952K
}
Event: 0.978 GC heap after
{Heap after GC invocations=1 (full 0):
 garbage-first heap   total 262144K, used 9436K [0x00000000e0000000, 0x0000000100000000)
  region size 1024K, 3 young (3072K), 3 survivors (3072K)
 Metaspace       used 10098K, capacity 10398K, committed 10624K, reserved 264192K
  class space    used 1031K, capacity 1104K, committed 1152K, reserved 253952K
}
Event: 3.595 GC heap before
{Heap before GC invocations=1 (full 0):
 garbage-first heap   total 262144K, used 106716K [0x00000000e0000000, 0x0000000100000000)
  region size 1024K, 98 young (100352K), 3 survivors (3072K)
 Metaspace       used 20775K, capacity 21184K, committed 21296K, reserved 274432K
  class space    used 2517K, capacity 2681K, committed 2688K, reserved 253952K
}
Event: 3.606 GC heap after
{Heap after GC invocations=2 (full 0):
 garbage-first heap   total 262144K, used 17068K [0x00000000e0000000, 0x0000000100000000)
  region size 1024K, 11 young (11264K), 11 survivors (11264K)
 Metaspace       used 20775K, capacity 21184K, committed 21296K, reserved 274432K
  class space    used 2517K, capacity 2681K, committed 2688K, reserved 253952K
}
Event: 3.844 GC heap before
{Heap before GC invocations=3 (full 0):
 garbage-first heap   total 262144K, used 39596K [0x00000000e0000000, 0x0000000100000000)
  region size 1024K, 33 young (33792K), 11 survivors (11264K)
 Metaspace       used 22757K, capacity 23311K, committed 23472K, reserved 274432K
  class space    used 2875K, capacity 3035K, committed 3072K, reserved 253952K
}
Event: 3.850 GC heap after
{Heap after GC invocations=4 (full 0):
 garbage-first heap   total 262144K, used 17887K [0x00000000e0000000, 0x0000000100000000)
  region size 1024K, 2 young (2048K), 2 survivors (2048K)
 Metaspace       used 22757K, capacity 23311K, committed 23472K, reserved 274432K
  class space    used 2875K, capacity 3035K, committed 3072K, reserved 253952K
}

Deoptimization events (20 events):
Event: 3.582 Thread 0x00000221c6f56800 DEOPT PACKING pc=0x00000221b9701ed4 sp=0x00000065d38fa5e0
Event: 3.582 Thread 0x00000221c6f56800 DEOPT UNPACKING pc=0x00000221b1bfa1af sp=0x00000065d38fa578 mode 2
Event: 3.582 Thread 0x00000221c6f56800 Uncommon trap: trap_request=0xffffff4d fr.pc=0x00000221b96fe45c relative=0x000000000000051c
Event: 3.582 Thread 0x00000221c6f56800 Uncommon trap: reason=unstable_if action=reinterpret pc=0x00000221b96fe45c method=java.io.File.getName()Ljava/lang/String; @ 16 c2
Event: 3.582 Thread 0x00000221c6f56800 DEOPT PACKING pc=0x00000221b96fe45c sp=0x00000065d38fb020
Event: 3.582 Thread 0x00000221c6f56800 DEOPT UNPACKING pc=0x00000221b1bfa1af sp=0x00000065d38faff0 mode 2
Event: 3.697 Thread 0x00000221c6f56800 Uncommon trap: trap_request=0xffffff4d fr.pc=0x00000221b976bdb0 relative=0x00000000000003b0
Event: 3.697 Thread 0x00000221c6f56800 Uncommon trap: reason=unstable_if action=reinterpret pc=0x00000221b976bdb0 method=jdk.internal.org.objectweb.asm.Type.getArgumentsAndReturnSizes(Ljava/lang/String;)I @ 88 c2
Event: 3.697 Thread 0x00000221c6f56800 DEOPT PACKING pc=0x00000221b976bdb0 sp=0x00000065d38f94b0
Event: 3.697 Thread 0x00000221c6f56800 DEOPT UNPACKING pc=0x00000221b1bfa1af sp=0x00000065d38f9438 mode 2
Event: 3.833 Thread 0x00000221c6f56800 DEOPT PACKING pc=0x00000221b2540755 sp=0x00000065d38f8700
Event: 3.833 Thread 0x00000221c6f56800 DEOPT UNPACKING pc=0x00000221b1bfa95e sp=0x00000065d38f7c20 mode 0
Event: 3.903 Thread 0x00000221c6f56800 Uncommon trap: trap_request=0xffffff4d fr.pc=0x00000221b9740d7c relative=0x000000000000023c
Event: 3.903 Thread 0x00000221c6f56800 Uncommon trap: reason=unstable_if action=reinterpret pc=0x00000221b9740d7c method=java.util.concurrent.ConcurrentHashMap.get(Ljava/lang/Object;)Ljava/lang/Object; @ 76 c2
Event: 3.903 Thread 0x00000221c6f56800 DEOPT PACKING pc=0x00000221b9740d7c sp=0x00000065d38f8440
Event: 3.903 Thread 0x00000221c6f56800 DEOPT UNPACKING pc=0x00000221b1bfa1af sp=0x00000065d38f83a8 mode 2
Event: 3.925 Thread 0x00000221c6f56800 DEOPT PACKING pc=0x00000221b2540776 sp=0x00000065d38f8570
Event: 3.925 Thread 0x00000221c6f56800 DEOPT UNPACKING pc=0x00000221b1bfa95e sp=0x00000065d38f7a90 mode 0
Event: 3.931 Thread 0x00000221c6f56800 DEOPT PACKING pc=0x00000221b2540776 sp=0x00000065d38f85d0
Event: 3.931 Thread 0x00000221c6f56800 DEOPT UNPACKING pc=0x00000221b1bfa95e sp=0x00000065d38f7af0 mode 0

Classes redefined (0 events):
No events

Internal exceptions (20 events):
Event: 1.979 Thread 0x00000221a9459800 Exception <a 'java/lang/NoSuchMethodError'{0x00000000ecd7de58}: 'java.lang.Object java.lang.invoke.DirectMethodHandle$Holder.invokeStaticInit(java.lang.Object, java.lang.Object, java.lang.Object)'> (0x00000000ecd7de58) thrown at [./src/hotspot/share/interpreter/linkResolver.cpp, line 773]
Event: 2.172 Thread 0x00000221a9459800 Exception <a 'java/lang/NoSuchMethodError'{0x00000000ec608c50}: 'java.lang.Object java.lang.invoke.DirectMethodHandle$Holder.invokeStaticInit(java.lang.Object, int, int, int, int)'> (0x00000000ec608c50) thrown at [./src/hotspot/share/interpreter/linkResolver.cpp, line 773]
Event: 2.503 Thread 0x00000221a9459800 Exception <a 'java/lang/NoSuchMethodError'{0x00000000ec64a308}: 'java.lang.Object java.lang.invoke.DirectMethodHandle$Holder.invokeStaticInit(java.lang.Object, java.lang.Object, int, int, int, int)'> (0x00000000ec64a308) thrown at [./src/hotspot/share/interpreter/linkResolver.cpp, line 773]
Event: 2.993 Thread 0x00000221a9459800 Exception <a 'java/lang/NoSuchMethodError'{0x00000000ec52bf88}: 'java.lang.Object java.lang.invoke.DirectMethodHandle$Holder.invokeStaticInit(java.lang.Object, int)'> (0x00000000ec52bf88) thrown at [./src/hotspot/share/interpreter/linkResolver.cpp, line 773]
Event: 3.025 Thread 0x00000221a9459800 Exception <a 'java/io/IOException'{0x00000000ec42b7c8}> (0x00000000ec42b7c8) thrown at [./src/hotspot/share/prims/jni.cpp, line 617]
Event: 3.167 Thread 0x00000221c6f56800 Exception <a 'java/lang/NoSuchMethodError'{0x00000000ebef8380}: 'long java.lang.invoke.DirectMethodHandle$Holder.invokeInterface(java.lang.Object, java.lang.Object)'> (0x00000000ebef8380) thrown at [./src/hotspot/share/interpreter/linkResolver.cpp, line 773]
Event: 3.169 Thread 0x00000221c6f56800 Exception <a 'java/lang/NoSuchMethodError'{0x00000000ebd05930}: 'void java.lang.invoke.DelegatingMethodHandle$Holder.reinvoke_L(java.lang.Object, java.lang.Object, java.lang.Object, java.lang.Object, java.lang.Object, java.lang.Object, java.lang.Object)'> (0x00000000ebd05930) thrown at [./src/hotspot/share/interpreter/linkResolver.cpp, line 773]
Event: 3.498 Thread 0x00000221c6f56800 Exception <a 'java/lang/NoSuchMethodError'{0x00000000ea35dc08}: 'void java.lang.invoke.DirectMethodHandle$Holder.invokeStaticInit(java.lang.Object)'> (0x00000000ea35dc08) thrown at [./src/hotspot/share/interpreter/linkResolver.cpp, line 773]
Event: 3.512 Thread 0x00000221c6f56800 Exception <a 'java/lang/NoSuchMethodError'{0x00000000ea20b890}: 'java.lang.Object java.lang.invoke.DirectMethodHandle$Holder.invokeStatic(java.lang.Object, java.lang.Object, java.lang.Object, int)'> (0x00000000ea20b890) thrown at [./src/hotspot/share/interpreter/linkResolver.cpp, line 773]
Event: 3.513 Thread 0x00000221c6f56800 Exception <a 'java/lang/NoSuchMethodError'{0x00000000ea20ffa8}: 'java.lang.Object java.lang.invoke.DirectMethodHandle$Holder.invokeSpecial(java.lang.Object, java.lang.Object, java.lang.Object, java.lang.Object, int)'> (0x00000000ea20ffa8) thrown at [./src/hotspot/share/interpreter/linkResolver.cpp, line 773]
Event: 3.513 Thread 0x00000221c6f56800 Exception <a 'java/lang/NoSuchMethodError'{0x00000000ea213ee0}: 'java.lang.Object java.lang.invoke.Invokers$Holder.linkToTargetMethod(java.lang.Object, java.lang.Object, int, java.lang.Object)'> (0x00000000ea213ee0) thrown at [./src/hotspot/share/interpreter/linkResolver.cpp, line 773]
Event: 3.639 Thread 0x00000221c6f56800 Exception <a 'java/lang/NoSuchMethodError'{0x00000000efefbec8}: 'int java.lang.invoke.DirectMethodHandle$Holder.invokeSpecialIFC(java.lang.Object, java.lang.Object, java.lang.Object, java.lang.Object)'> (0x00000000efefbec8) thrown at [./src/hotspot/share/interpreter/linkResolver.cpp, line 773]
Event: 3.641 Thread 0x00000221c6f56800 Exception <a 'java/lang/NoSuchMethodError'{0x00000000efd0a608}: 'java.lang.Object java.lang.invoke.DirectMethodHandle$Holder.invokeInterface(java.lang.Object, java.lang.Object, java.lang.Object)'> (0x00000000efd0a608) thrown at [./src/hotspot/share/interpreter/linkResolver.cpp, line 773]
Event: 3.641 Thread 0x00000221c6f56800 Exception <a 'java/lang/IncompatibleClassChangeError'{0x00000000efd0dae0}: Found class java.lang.Object, but interface was expected> (0x00000000efd0dae0) thrown at [./src/hotspot/share/interpreter/linkResolver.cpp, line 839]
Event: 3.740 Thread 0x00000221c6f56800 Exception <a 'java/lang/NoSuchMethodError'{0x00000000ef66c8d0}: 'void java.lang.invoke.DirectMethodHandle$Holder.invokeSpecial(java.lang.Object, java.lang.Object, java.lang.Object, java.lang.Object, java.lang.Object)'> (0x00000000ef66c8d0) thrown at [./src/hotspot/share/interpreter/linkResolver.cpp, line 773]
Event: 3.762 Thread 0x00000221c6f56800 Exception <a 'java/lang/NoSuchMethodError'{0x00000000ef499118}: 'java.lang.Object java.lang.invoke.DirectMethodHandle$Holder.invokeSpecial(java.lang.Object, java.lang.Object, java.lang.Object, java.lang.Object, java.lang.Object, java.lang.Object, java.lang.Object, java.lang.Object, java.lang.Object)'> (0x00000000ef499118) thrown at [./src/hotspot/share/interpreter/linkResolver.cpp, line 773]
Event: 3.841 Thread 0x00000221c6f56800 Exception <a 'java/lang/NoSuchMethodError'{0x00000000eea7bef0}: 'java.lang.Object java.lang.invoke.DirectMethodHandle$Holder.invokeVirtual(java.lang.Object, java.lang.Object, java.lang.Object, java.lang.Object)'> (0x00000000eea7bef0) thrown at [./src/hotspot/share/interpreter/linkResolver.cpp, line 773]
Event: 3.943 Thread 0x00000221c6f56800 Exception <a 'java/lang/NoSuchMethodError'{0x00000000ef94d1e0}: 'void java.lang.invoke.DirectMethodHandle$Holder.invokeSpecial(java.lang.Object, java.lang.Object, java.lang.Object, java.lang.Object, java.lang.Object, java.lang.Object)'> (0x00000000ef94d1e0) thrown at [./src/hotspot/share/interpreter/linkResolver.cpp, line 773]
Event: 3.956 Thread 0x00000221c6f56800 Exception <a 'java/lang/NoSuchMethodError'{0x00000000ef9bc7d0}: 'void java.lang.invoke.DirectMethodHandle$Holder.invokeSpecial(java.lang.Object, java.lang.Object, java.lang.Object, java.lang.Object, java.lang.Object, java.lang.Object, java.lang.Object)'> (0x00000000ef9bc7d0) thrown at [./src/hotspot/share/interpreter/linkResolver.cpp, line 773]
Event: 3.957 Thread 0x00000221c6f56800 Exception <a 'java/lang/NoSuchMethodError'{0x00000000ef9c4cc0}: 'java.lang.Object java.lang.invoke.Invokers$Holder.linkToTargetMethod(java.lang.Object, java.lang.Object, java.lang.Object, java.lang.Object, java.lang.Object, java.lang.Object)'> (0x00000000ef9c4cc0) thrown at [./src/hotspot/share/interpreter/linkResolver.cpp, line 773]

Events (20 events):
Event: 3.954 loading class com/google/common/collect/AbstractMapBasedMultimap$WrappedCollection$WrappedIterator
Event: 3.954 loading class com/google/common/collect/AbstractMapBasedMultimap$WrappedCollection$WrappedIterator done
Event: 3.955 loading class com/google/common/collect/LinkedHashMultimap$ValueSet$1
Event: 3.955 loading class com/google/common/collect/LinkedHashMultimap$ValueSet$1 done
Event: 3.955 loading class org/objectweb/asm/Type
Event: 3.955 loading class org/objectweb/asm/Type done
Event: 3.955 loading class org/objectweb/asm/Type
Event: 3.955 loading class org/objectweb/asm/Type done
Event: 3.955 loading class org/gradle/api/Transformer
Event: 3.955 loading class org/gradle/api/Transformer done
Event: 3.956 loading class org/gradle/internal/instantiation/generator/AsmBackedClassGenerator$ClassBuilderImpl
Event: 3.956 loading class org/gradle/internal/instantiation/generator/AsmBackedClassGenerator$ClassBuilderImpl done
Event: 3.958 loading class org/gradle/internal/instantiation/generator/AsmBackedClassGenerator$ClassBuilderImpl$ReturnTypeEntry
Event: 3.958 loading class org/gradle/internal/instantiation/generator/AsmBackedClassGenerator$ClassBuilderImpl$ReturnTypeEntry done
Event: 3.959 loading class org/objectweb/asm/Attribute
Event: 3.959 loading class org/objectweb/asm/Attribute done
Event: 3.961 loading class org/objectweb/asm/Handler
Event: 3.961 loading class org/objectweb/asm/Handler done
Event: 3.962 loading class jdk/internal/org/objectweb/asm/ClassReader
Event: 3.962 loading class jdk/internal/org/objectweb/asm/ClassReader done


Dynamic libraries:
0x00007ff61b5a0000 - 0x00007ff61b5ad000 	C:\Users\Legion-Y540\.jdks\corretto-11.0.15\bin\java.exe
0x00007ffda2d70000 - 0x00007ffda2f68000 	C:\Windows\SYSTEM32\ntdll.dll
0x00007ffda2060000 - 0x00007ffda211d000 	C:\Windows\System32\KERNEL32.DLL
0x00007ffda0950000 - 0x00007ffda0c1e000 	C:\Windows\System32\KERNELBASE.dll
0x00007ffda0730000 - 0x00007ffda0830000 	C:\Windows\System32\ucrtbase.dll
0x00007ffd9c710000 - 0x00007ffd9c727000 	C:\Users\Legion-Y540\.jdks\corretto-11.0.15\bin\jli.dll
0x00007ffda1bd0000 - 0x00007ffda1d70000 	C:\Windows\System32\USER32.dll
0x00007ffda0700000 - 0x00007ffda0722000 	C:\Windows\System32\win32u.dll
0x00007ffda1940000 - 0x00007ffda196a000 	C:\Windows\System32\GDI32.dll
0x00007ffda0490000 - 0x00007ffda059b000 	C:\Windows\System32\gdi32full.dll
0x00007ffda0d30000 - 0x00007ffda0dcd000 	C:\Windows\System32\msvcp_win.dll
0x00007ffd9b740000 - 0x00007ffd9b759000 	C:\Users\Legion-Y540\.jdks\corretto-11.0.15\bin\VCRUNTIME140.dll
0x00007ffd7ecf0000 - 0x00007ffd7ef8a000 	C:\Windows\WinSxS\amd64_microsoft.windows.common-controls_6595b64144ccf1df_6.0.19041.1110_none_60b5254171f9507e\COMCTL32.dll
0x00007ffda1890000 - 0x00007ffda192e000 	C:\Windows\System32\msvcrt.dll
0x00007ffda0dd0000 - 0x00007ffda0e00000 	C:\Windows\System32\IMM32.DLL
0x00007ffda2c00000 - 0x00007ffda2d25000 	C:\Windows\System32\RPCRT4.dll
0x00007ffda0350000 - 0x00007ffda0382000 	C:\Windows\SYSTEM32\SspiCli.dll
0x00007ffd9b6a0000 - 0x00007ffd9b73b000 	C:\Users\Legion-Y540\.jdks\corretto-11.0.15\bin\msvcp140.dll
0x00007ffd5a3f0000 - 0x00007ffd5af73000 	C:\Users\Legion-Y540\.jdks\corretto-11.0.15\bin\server\jvm.dll
0x00007ffda1090000 - 0x00007ffda113e000 	C:\Windows\System32\ADVAPI32.dll
0x00007ffda1d70000 - 0x00007ffda1e0c000 	C:\Windows\System32\sechost.dll
0x00007ffda2250000 - 0x00007ffda2258000 	C:\Windows\System32\PSAPI.DLL
0x00007ffd9cc20000 - 0x00007ffd9cc29000 	C:\Windows\SYSTEM32\WSOCK32.dll
0x00007ffda2120000 - 0x00007ffda218b000 	C:\Windows\System32\WS2_32.dll
0x00007ffd97d90000 - 0x00007ffd97db7000 	C:\Windows\SYSTEM32\WINMM.dll
0x00007ffd9bcb0000 - 0x00007ffd9bcba000 	C:\Windows\SYSTEM32\VERSION.dll
0x00007ffd9ed20000 - 0x00007ffd9ed32000 	C:\Windows\SYSTEM32\kernel.appcore.dll
0x00007ffd9ccd0000 - 0x00007ffd9cce0000 	C:\Users\Legion-Y540\.jdks\corretto-11.0.15\bin\verify.dll
0x00007ffd9e140000 - 0x00007ffd9e324000 	C:\Windows\SYSTEM32\DBGHELP.DLL
0x00007ffd98300000 - 0x00007ffd9832c000 	C:\Windows\SYSTEM32\dbgcore.DLL
0x00007ffda0c70000 - 0x00007ffda0cf2000 	C:\Windows\System32\bcryptPrimitives.dll
0x00007ffd9b670000 - 0x00007ffd9b698000 	C:\Users\Legion-Y540\.jdks\corretto-11.0.15\bin\java.dll
0x00007ffd9ccb0000 - 0x00007ffd9ccba000 	C:\Users\Legion-Y540\.jdks\corretto-11.0.15\bin\jimage.dll
0x00007ffd97150000 - 0x00007ffd97168000 	C:\Users\Legion-Y540\.jdks\corretto-11.0.15\bin\zip.dll
0x00007ffda1140000 - 0x00007ffda1884000 	C:\Windows\System32\SHELL32.dll
0x00007ffd9e570000 - 0x00007ffd9ed04000 	C:\Windows\SYSTEM32\windows.storage.dll
0x00007ffda2260000 - 0x00007ffda25b4000 	C:\Windows\System32\combase.dll
0x00007ffd9fef0000 - 0x00007ffd9ff20000 	C:\Windows\SYSTEM32\Wldp.dll
0x00007ffda1f90000 - 0x00007ffda203d000 	C:\Windows\System32\SHCORE.dll
0x00007ffda1e10000 - 0x00007ffda1e65000 	C:\Windows\System32\shlwapi.dll
0x00007ffda03d0000 - 0x00007ffda03ef000 	C:\Windows\SYSTEM32\profapi.dll
0x00007ffd93eb0000 - 0x00007ffd93ec9000 	C:\Users\Legion-Y540\.jdks\corretto-11.0.15\bin\net.dll
0x00007ffd971a0000 - 0x00007ffd972aa000 	C:\Windows\SYSTEM32\WINHTTP.dll
0x00007ffd9fc50000 - 0x00007ffd9fcba000 	C:\Windows\system32\mswsock.dll
0x00007ffd8e2f0000 - 0x00007ffd8e303000 	C:\Users\Legion-Y540\.jdks\corretto-11.0.15\bin\nio.dll
0x00007ffd9bd40000 - 0x00007ffd9bd67000 	C:\Users\Legion-Y540\.gradle\native\e1d6ef7f7dcc3fd88c89a11ec53ec762bb8ba0a96d01ffa2cd45eb1d1d8dd5c5\windows-amd64\native-platform.dll
0x00007ffd62570000 - 0x00007ffd626b4000 	C:\Users\Legion-Y540\.gradle\native\0d407fdbe67a94daf76414ababcb853783967236a71b16ec16e742cd7a986fd3\windows-amd64\native-platform-file-events.dll
0x00007ffd9cc40000 - 0x00007ffd9cc49000 	C:\Users\Legion-Y540\.jdks\corretto-11.0.15\bin\management.dll
0x00007ffd96300000 - 0x00007ffd9630b000 	C:\Users\Legion-Y540\.jdks\corretto-11.0.15\bin\management_ext.dll
0x00007ffd9fe50000 - 0x00007ffd9fe68000 	C:\Windows\SYSTEM32\CRYPTSP.dll
0x00007ffd9f560000 - 0x00007ffd9f594000 	C:\Windows\system32\rsaenh.dll
0x00007ffda0d00000 - 0x00007ffda0d27000 	C:\Windows\System32\bcrypt.dll
0x00007ffda0390000 - 0x00007ffda03be000 	C:\Windows\SYSTEM32\USERENV.dll
0x00007ffd9fe40000 - 0x00007ffd9fe4c000 	C:\Windows\SYSTEM32\CRYPTBASE.dll
0x00007ffd9f8f0000 - 0x00007ffd9f92b000 	C:\Windows\SYSTEM32\IPHLPAPI.DLL
0x00007ffda1930000 - 0x00007ffda1938000 	C:\Windows\System32\NSI.dll
0x00007ffd9a7f0000 - 0x00007ffd9a807000 	C:\Windows\SYSTEM32\dhcpcsvc6.DLL
0x00007ffd9afe0000 - 0x00007ffd9affd000 	C:\Windows\SYSTEM32\dhcpcsvc.DLL
0x00007ffd9f930000 - 0x00007ffd9f9fb000 	C:\Windows\SYSTEM32\DNSAPI.dll

dbghelp: loaded successfully - version: 4.0.5 - missing functions: none
symbol engine: initialized successfully - sym options: 0x614 - pdb path: .;C:\Users\Legion-Y540\.jdks\corretto-11.0.15\bin;C:\Windows\SYSTEM32;C:\Windows\WinSxS\amd64_microsoft.windows.common-controls_6595b64144ccf1df_6.0.19041.1110_none_60b5254171f9507e;C:\Users\Legion-Y540\.jdks\corretto-11.0.15\bin\server;C:\Users\Legion-Y540\.gradle\native\e1d6ef7f7dcc3fd88c89a11ec53ec762bb8ba0a96d01ffa2cd45eb1d1d8dd5c5\windows-amd64;C:\Users\Legion-Y540\.gradle\native\0d407fdbe67a94daf76414ababcb853783967236a71b16ec16e742cd7a986fd3\windows-amd64

VM Arguments:
jvm_args: --add-opens=java.base/java.util=ALL-UNNAMED --add-opens=java.base/java.lang=ALL-UNNAMED --add-opens=java.base/java.lang.invoke=ALL-UNNAMED --add-opens=java.base/java.util=ALL-UNNAMED --add-opens=java.prefs/java.util.prefs=ALL-UNNAMED --add-opens=java.prefs/java.util.prefs=ALL-UNNAMED --add-opens=java.base/java.nio.charset=ALL-UNNAMED --add-opens=java.base/java.net=ALL-UNNAMED --add-opens=java.base/java.util.concurrent.atomic=ALL-UNNAMED -XX:MaxMetaspaceSize=256m -XX:+HeapDumpOnOutOfMemoryError -Xms256m -Xmx512m -Dfile.encoding=windows-1254 -Duser.country=TR -Duser.language=tr -Duser.variant 
java_command: org.gradle.launcher.daemon.bootstrap.GradleDaemon 7.4.1
java_class_path (initial): C:\Users\Legion-Y540\.gradle\wrapper\dists\gradle-7.4.1-bin\58kw26xllvsiedyf3nujyarhn\gradle-7.4.1\lib\gradle-launcher-7.4.1.jar
Launcher Type: SUN_STANDARD

[Global flags]
     intx CICompilerCount                          = 4                                         {product} {ergonomic}
   size_t CompressedClassSpaceSize                 = 260046848                                 {product} {ergonomic}
     uint ConcGCThreads                            = 3                                         {product} {ergonomic}
     uint G1ConcRefinementThreads                  = 10                                        {product} {ergonomic}
   size_t G1HeapRegionSize                         = 1048576                                   {product} {ergonomic}
    uintx GCDrainStackTargetSize                   = 64                                        {product} {ergonomic}
     bool HeapDumpOnOutOfMemoryError               = true                                   {manageable} {command line}
   size_t InitialHeapSize                          = 268435456                                 {product} {command line}
   size_t MarkStackSize                            = 4194304                                   {product} {ergonomic}
   size_t MaxHeapSize                              = 536870912                                 {product} {command line}
   size_t MaxMetaspaceSize                         = 268435456                                 {product} {command line}
   size_t MaxNewSize                               = 321912832                                 {product} {ergonomic}
   size_t MinHeapDeltaBytes                        = 1048576                                   {product} {ergonomic}
    uintx NonNMethodCodeHeapSize                   = 5836300                                {pd product} {ergonomic}
    uintx NonProfiledCodeHeapSize                  = 122910970                              {pd product} {ergonomic}
    uintx ProfiledCodeHeapSize                     = 122910970                              {pd product} {ergonomic}
    uintx ReservedCodeCacheSize                    = 251658240                              {pd product} {ergonomic}
     bool SegmentedCodeCache                       = true                                      {product} {ergonomic}
     bool UseCompressedClassPointers               = true                                 {lp64_product} {ergonomic}
     bool UseCompressedOops                        = true                                 {lp64_product} {ergonomic}
     bool UseG1GC                                  = true                                      {product} {ergonomic}
     bool UseLargePagesIndividualAllocation        = false                                  {pd product} {ergonomic}

Logging:
Log output configuration:
 #0: stdout all=warning uptime,level,tags
 #1: stderr all=off uptime,level,tags

Environment Variables:
PATH=C:\Program Files (x86)\Common Files\Oracle\Java\javapath;C:\Windows\system32;C:\Windows;C:\Windows\System32\Wbem;C:\Windows\System32\WindowsPowerShell\v1.0\;C:\Windows\System32\OpenSSH\;C:\Program Files\Git\cmd;C:\Program Files\Calibre2\;C:\Users\Legion-Y540\AppData\Local\Microsoft\WindowsApps;;C:\Program Files\JetBrains\IntelliJ IDEA Community Edition 2022.1.3\bin;
USERNAME=Legion-Y540
OS=Windows_NT
PROCESSOR_IDENTIFIER=Intel64 Family 6 Model 158 Stepping 10, GenuineIntel



---------------  S Y S T E M  ---------------

OS: Windows 10 , 64 bit Build 19041 (10.0.19041.1806)
OS uptime: 1 days 6:28 hours

CPU:total 12 (initial active 12) (6 cores per cpu, 2 threads per core) family 6 model 158 stepping 10 microcode 0xec, cmov, cx8, fxsr, mmx, sse, sse2, sse3, ssse3, sse4.1, sse4.2, popcnt, avx, avx2, aes, clmul, erms, 3dnowpref, lzcnt, ht, tsc, tscinvbit, bmi1, bmi2, adx, fma

Memory: 4k page, system-wide physical 16254M (6937M free)
TotalPageFile size 65406M (AvailPageFile size 5M)
current process WorkingSet (physical memory assigned to process): 240M, peak: 240M
current process commit charge ("private bytes"): 423M, peak: 424M

vm_info: OpenJDK 64-Bit Server VM (11.0.15+9-LTS) for windows-amd64 JRE (11.0.15+9-LTS), built on Apr 15 2022 22:20:31 by "Administrator" with unknown MS VC++:1916

END.
